# JRE version: OpenJDK Runtime Environment Temurin-17.0.5+8 (17.0.5+8) (build 17.0.5+8)
# Java VM: OpenJDK 64-Bit Server VM Temurin-17.0.5+8 (17.0.5+8, mixed mode, tiered, compressed oops, compressed class ptrs, parallel gc, linux-amd64)
GC Precious Log:
 CPUs: 4 total, 4 available
 Memory: 7836M
 Large Page Support: Disabled
 NUMA Support: Disabled
 Compressed Oops: Enabled (32-bit)
 Alignments: Space 512K, Generation 512K, Heap 2M
 Heap Min Capacity: 100M
 Heap Initial Capacity: 100M
 Heap Max Capacity: 1G
 Pre-touch: Disabled
 Parallel Workers: 4
Heap:
 PSYoungGen      total 8704K, used 649K [0x00000000eab00000, 0x00000000eb700000, 0x0000000100000000)
  eden space 7680K, 0% used [0x00000000eab00000,0x00000000eab00000,0x00000000eb280000)
  from space 1024K, 63% used [0x00000000eb600000,0x00000000eb6a2400,0x00000000eb700000)
  to   space 1536K, 0% used [0x00000000eb400000,0x00000000eb400000,0x00000000eb580000)
 ParOldGen       total 156160K, used 155957K [0x00000000c0000000, 0x00000000c9880000, 0x00000000eab00000)
  object space 156160K, 99% used [0x00000000c0000000,0x00000000c984d638,0x00000000c9880000)
 Metaspace       used 83400K, committed 84480K, reserved 1130496K
  class space    used 8731K, committed 9216K, reserved 1048576K
GC Heap History (20 events):
Event: 66.619 GC heap after
{Heap after GC invocations=280 (full 11):
 PSYoungGen      total 6144K, used 694K [0x00000000eab00000, 0x00000000eb300000, 0x0000000100000000)
  eden space 5120K, 0% used [0x00000000eab00000,0x00000000eab00000,0x00000000eb000000)
  from space 1024K, 67% used [0x00000000eb000000,0x00000000eb0ada20,0x00000000eb100000)
  to   space 1024K, 0% used [0x00000000eb200000,0x00000000eb200000,0x00000000eb300000)
 ParOldGen       total 156160K, used 149208K [0x00000000c0000000, 0x00000000c9880000, 0x00000000eab00000)
  object space 156160K, 95% used [0x00000000c0000000,0x00000000c91b6148,0x00000000c9880000)
 Metaspace       used 83120K, committed 84288K, reserved 1130496K
  class space    used 8711K, committed 9216K, reserved 1048576K
}
Event: 66.629 GC heap before
{Heap before GC invocations=281 (full 11):
 PSYoungGen      total 6144K, used 5814K [0x00000000eab00000, 0x00000000eb300000, 0x0000000100000000)
  eden space 5120K, 100% used [0x00000000eab00000,0x00000000eb000000,0x00000000eb000000)
  from space 1024K, 67% used [0x00000000eb000000,0x00000000eb0ada20,0x00000000eb100000)
  to   space 1024K, 0% used [0x00000000eb200000,0x00000000eb200000,0x00000000eb300000)
 ParOldGen       total 156160K, used 149208K [0x00000000c0000000, 0x00000000c9880000, 0x00000000eab00000)
  object space 156160K, 95% used [0x00000000c0000000,0x00000000c91b6148,0x00000000c9880000)
 Metaspace       used 83125K, committed 84288K, reserved 1130496K
  class space    used 8711K, committed 9216K, reserved 1048576K
}
Event: 66.635 GC heap after
{Heap after GC invocations=281 (full 11):
 PSYoungGen      total 6144K, used 998K [0x00000000eab00000, 0x00000000eb500000, 0x0000000100000000)
  eden space 5120K, 0% used [0x00000000eab00000,0x00000000eab00000,0x00000000eb000000)
  from space 1024K, 97% used [0x00000000eb200000,0x00000000eb2f9820,0x00000000eb300000)
  to   space 2048K, 0% used [0x00000000eb000000,0x00000000eb000000,0x00000000eb200000)
 ParOldGen       total 156160K, used 149712K [0x00000000c0000000, 0x00000000c9880000, 0x00000000eab00000)
  object space 156160K, 95% used [0x00000000c0000000,0x00000000c9234148,0x00000000c9880000)
 Metaspace       used 83125K, committed 84288K, reserved 1130496K
  class space    used 8711K, committed 9216K, reserved 1048576K
}
Event: 66.645 GC heap before
{Heap before GC invocations=282 (full 11):
 PSYoungGen      total 6144K, used 6118K [0x00000000eab00000, 0x00000000eb500000, 0x0000000100000000)
  eden space 5120K, 100% used [0x00000000eab00000,0x00000000eb000000,0x00000000eb000000)
  from space 1024K, 97% used [0x00000000eb200000,0x00000000eb2f9820,0x00000000eb300000)
  to   space 2048K, 0% used [0x00000000eb000000,0x00000000eb000000,0x00000000eb200000)
 ParOldGen       total 156160K, used 149712K [0x00000000c0000000, 0x00000000c9880000, 0x00000000eab00000)
  object space 156160K, 95% used [0x00000000c0000000,0x00000000c9234148,0x00000000c9880000)
 Metaspace       used 83129K, committed 84288K, reserved 1130496K
  class space    used 8711K, committed 9216K, reserved 1048576K
}
Event: 66.648 GC heap after
{Heap after GC invocations=282 (full 11):
 PSYoungGen      total 7168K, used 1012K [0x00000000eab00000, 0x00000000eb400000, 0x0000000100000000)
  eden space 5120K, 0% used [0x00000000eab00000,0x00000000eab00000,0x00000000eb000000)
  from space 2048K, 49% used [0x00000000eb000000,0x00000000eb0fd048,0x00000000eb200000)
  to   space 1536K, 0% used [0x00000000eb280000,0x00000000eb280000,0x00000000eb400000)
 ParOldGen       total 156160K, used 150200K [0x00000000c0000000, 0x00000000c9880000, 0x00000000eab00000)
  object space 156160K, 96% used [0x00000000c0000000,0x00000000c92ae148,0x00000000c9880000)
 Metaspace       used 83129K, committed 84288K, reserved 1130496K
  class space    used 8711K, committed 9216K, reserved 1048576K
}
Event: 66.655 GC heap before
{Heap before GC invocations=283 (full 11):
 PSYoungGen      total 7168K, used 5872K [0x00000000eab00000, 0x00000000eb400000, 0x0000000100000000)
  eden space 5120K, 94% used [0x00000000eab00000,0x00000000eafbf388,0x00000000eb000000)
  from space 2048K, 49% used [0x00000000eb000000,0x00000000eb0fd048,0x00000000eb200000)
  to   space 1536K, 0% used [0x00000000eb280000,0x00000000eb280000,0x00000000eb400000)
 ParOldGen       total 156160K, used 150200K [0x00000000c0000000, 0x00000000c9880000, 0x00000000eab00000)
  object space 156160K, 96% used [0x00000000c0000000,0x00000000c92ae148,0x00000000c9880000)
 Metaspace       used 83129K, committed 84288K, reserved 1130496K
  class space    used 8711K, committed 9216K, reserved 1048576K
}
Event: 66.659 GC heap after
{Heap after GC invocations=283 (full 11):
 PSYoungGen      total 7168K, used 672K [0x00000000eab00000, 0x00000000eb380000, 0x0000000100000000)
  eden space 6144K, 0% used [0x00000000eab00000,0x00000000eab00000,0x00000000eb100000)
  from space 1024K, 65% used [0x00000000eb280000,0x00000000eb328000,0x00000000eb380000)
  to   space 1024K, 0% used [0x00000000eb180000,0x00000000eb180000,0x00000000eb280000)
 ParOldGen       total 156160K, used 150823K [0x00000000c0000000, 0x00000000c9880000, 0x00000000eab00000)
  object space 156160K, 96% used [0x00000000c0000000,0x00000000c9349fa8,0x00000000c9880000)
 Metaspace       used 83129K, committed 84288K, reserved 1130496K
  class space    used 8711K, committed 9216K, reserved 1048576K
}
Event: 66.667 GC heap before
{Heap before GC invocations=284 (full 11):
 PSYoungGen      total 7168K, used 6816K [0x00000000eab00000, 0x00000000eb380000, 0x0000000100000000)
  eden space 6144K, 100% used [0x00000000eab00000,0x00000000eb100000,0x00000000eb100000)
  from space 1024K, 65% used [0x00000000eb280000,0x00000000eb328000,0x00000000eb380000)
  to   space 1024K, 0% used [0x00000000eb180000,0x00000000eb180000,0x00000000eb280000)
 ParOldGen       total 156160K, used 150823K [0x00000000c0000000, 0x00000000c9880000, 0x00000000eab00000)
  object space 156160K, 96% used [0x00000000c0000000,0x00000000c9349fa8,0x00000000c9880000)
 Metaspace       used 83129K, committed 84288K, reserved 1130496K
  class space    used 8711K, committed 9216K, reserved 1048576K
}
Event: 66.670 GC heap after
{Heap after GC invocations=284 (full 11):
 PSYoungGen      total 7680K, used 864K [0x00000000eab00000, 0x00000000eb480000, 0x0000000100000000)
  eden space 6656K, 0% used [0x00000000eab00000,0x00000000eab00000,0x00000000eb180000)
  from space 1024K, 84% used [0x00000000eb180000,0x00000000eb258000,0x00000000eb280000)
  to   space 1024K, 0% used [0x00000000eb380000,0x00000000eb380000,0x00000000eb480000)
 ParOldGen       total 156160K, used 151439K [0x00000000c0000000, 0x00000000c9880000, 0x00000000eab00000)
  object space 156160K, 96% used [0x00000000c0000000,0x00000000c93e3fa8,0x00000000c9880000)
 Metaspace       used 83129K, committed 84288K, reserved 1130496K
  class space    used 8711K, committed 9216K, reserved 1048576K
}
Event: 66.838 GC heap before
{Heap before GC invocations=285 (full 11):
 PSYoungGen      total 7680K, used 7520K [0x00000000eab00000, 0x00000000eb480000, 0x0000000100000000)
  eden space 6656K, 100% used [0x00000000eab00000,0x00000000eb180000,0x00000000eb180000)
  from space 1024K, 84% used [0x00000000eb180000,0x00000000eb258000,0x00000000eb280000)
  to   space 1024K, 0% used [0x00000000eb380000,0x00000000eb380000,0x00000000eb480000)
 ParOldGen       total 156160K, used 151439K [0x00000000c0000000, 0x00000000c9880000, 0x00000000eab00000)
  object space 156160K, 96% used [0x00000000c0000000,0x00000000c93e3fa8,0x00000000c9880000)
 Metaspace       used 83135K, committed 84288K, reserved 1130496K
  class space    used 8711K, committed 9216K, reserved 1048576K
}
Event: 66.841 GC heap after
{Heap after GC invocations=285 (full 11):
 PSYoungGen      total 8704K, used 873K [0x00000000eab00000, 0x00000000eb500000, 0x0000000100000000)
  eden space 7680K, 0% used [0x00000000eab00000,0x00000000eab00000,0x00000000eb280000)
  from space 1024K, 85% used [0x00000000eb380000,0x00000000eb45a400,0x00000000eb480000)
  to   space 1024K, 0% used [0x00000000eb280000,0x00000000eb280000,0x00000000eb380000)
 ParOldGen       total 156160K, used 152247K [0x00000000c0000000, 0x00000000c9880000, 0x00000000eab00000)
  object space 156160K, 97% used [0x00000000c0000000,0x00000000c94adfa8,0x00000000c9880000)
 Metaspace       used 83135K, committed 84288K, reserved 1130496K
  class space    used 8711K, committed 9216K, reserved 1048576K
}
Event: 68.714 GC heap before
{Heap before GC invocations=286 (full 11):
 PSYoungGen      total 8704K, used 8553K [0x00000000eab00000, 0x00000000eb500000, 0x0000000100000000)
  eden space 7680K, 100% used [0x00000000eab00000,0x00000000eb280000,0x00000000eb280000)
  from space 1024K, 85% used [0x00000000eb380000,0x00000000eb45a400,0x00000000eb480000)
  to   space 1024K, 0% used [0x00000000eb280000,0x00000000eb280000,0x00000000eb380000)
 ParOldGen       total 156160K, used 152247K [0x00000000c0000000, 0x00000000c9880000, 0x00000000eab00000)
  object space 156160K, 97% used [0x00000000c0000000,0x00000000c94adfa8,0x00000000c9880000)
 Metaspace       used 83196K, committed 84352K, reserved 1130496K
  class space    used 8712K, committed 9216K, reserved 1048576K
}
Event: 68.716 GC heap after
{Heap after GC invocations=286 (full 11):
 PSYoungGen      total 8704K, used 1021K [0x00000000eab00000, 0x00000000eb900000, 0x0000000100000000)
  eden space 7680K, 0% used [0x00000000eab00000,0x00000000eab00000,0x00000000eb280000)
  from space 1024K, 99% used [0x00000000eb280000,0x00000000eb37f600,0x00000000eb380000)
  to   space 2560K, 0% used [0x00000000eb680000,0x00000000eb680000,0x00000000eb900000)
 ParOldGen       total 156160K, used 153213K [0x00000000c0000000, 0x00000000c9880000, 0x00000000eab00000)
  object space 156160K, 98% used [0x00000000c0000000,0x00000000c959f5c8,0x00000000c9880000)
 Metaspace       used 83196K, committed 84352K, reserved 1130496K
  class space    used 8712K, committed 9216K, reserved 1048576K
}
Event: 73.014 GC heap before
{Heap before GC invocations=287 (full 11):
 PSYoungGen      total 8704K, used 8701K [0x00000000eab00000, 0x00000000eb900000, 0x0000000100000000)
  eden space 7680K, 100% used [0x00000000eab00000,0x00000000eb280000,0x00000000eb280000)
  from space 1024K, 99% used [0x00000000eb280000,0x00000000eb37f600,0x00000000eb380000)
  to   space 2560K, 0% used [0x00000000eb680000,0x00000000eb680000,0x00000000eb900000)
 ParOldGen       total 156160K, used 153213K [0x00000000c0000000, 0x00000000c9880000, 0x00000000eab00000)
  object space 156160K, 98% used [0x00000000c0000000,0x00000000c959f5c8,0x00000000c9880000)
 Metaspace       used 83213K, committed 84352K, reserved 1130496K
  class space    used 8712K, committed 9216K, reserved 1048576K
}
Event: 73.018 GC heap after
{Heap after GC invocations=287 (full 11):
 PSYoungGen      total 8192K, used 288K [0x00000000eab00000, 0x00000000eb700000, 0x0000000100000000)
  eden space 7680K, 0% used [0x00000000eab00000,0x00000000eab00000,0x00000000eb280000)
  from space 512K, 56% used [0x00000000eb680000,0x00000000eb6c8000,0x00000000eb700000)
  to   space 1024K, 0% used [0x00000000eb500000,0x00000000eb500000,0x00000000eb600000)
 ParOldGen       total 156160K, used 154210K [0x00000000c0000000, 0x00000000c9880000, 0x00000000eab00000)
  object space 156160K, 98% used [0x00000000c0000000,0x00000000c9698bc8,0x00000000c9880000)
 Metaspace       used 83213K, committed 84352K, reserved 1130496K
  class space    used 8712K, committed 9216K, reserved 1048576K
}
Event: 73.550 GC heap before
{Heap before GC invocations=288 (full 11):
 PSYoungGen      total 8192K, used 7968K [0x00000000eab00000, 0x00000000eb700000, 0x0000000100000000)
  eden space 7680K, 100% used [0x00000000eab00000,0x00000000eb280000,0x00000000eb280000)
  from space 512K, 56% used [0x00000000eb680000,0x00000000eb6c8000,0x00000000eb700000)
  to   space 1024K, 0% used [0x00000000eb500000,0x00000000eb500000,0x00000000eb600000)
 ParOldGen       total 156160K, used 154210K [0x00000000c0000000, 0x00000000c9880000, 0x00000000eab00000)
  object space 156160K, 98% used [0x00000000c0000000,0x00000000c9698bc8,0x00000000c9880000)
 Metaspace       used 83246K, committed 84352K, reserved 1130496K
  class space    used 8712K, committed 9216K, reserved 1048576K
}
Event: 73.552 GC heap after
{Heap after GC invocations=288 (full 11):
 PSYoungGen      total 8704K, used 1008K [0x00000000eab00000, 0x00000000eb700000, 0x0000000100000000)
  eden space 7680K, 0% used [0x00000000eab00000,0x00000000eab00000,0x00000000eb280000)
  from space 1024K, 98% used [0x00000000eb500000,0x00000000eb5fc010,0x00000000eb600000)
  to   space 1024K, 0% used [0x00000000eb600000,0x00000000eb600000,0x00000000eb700000)
 ParOldGen       total 156160K, used 154941K [0x00000000c0000000, 0x00000000c9880000, 0x00000000eab00000)
  object space 156160K, 99% used [0x00000000c0000000,0x00000000c974f618,0x00000000c9880000)
 Metaspace       used 83246K, committed 84352K, reserved 1130496K
  class space    used 8712K, committed 9216K, reserved 1048576K
}
Event: 75.233 GC heap before
{Heap before GC invocations=289 (full 11):
 PSYoungGen      total 8704K, used 8688K [0x00000000eab00000, 0x00000000eb700000, 0x0000000100000000)
  eden space 7680K, 100% used [0x00000000eab00000,0x00000000eb280000,0x00000000eb280000)
  from space 1024K, 98% used [0x00000000eb500000,0x00000000eb5fc010,0x00000000eb600000)
  to   space 1024K, 0% used [0x00000000eb600000,0x00000000eb600000,0x00000000eb700000)
 ParOldGen       total 156160K, used 154941K [0x00000000c0000000, 0x00000000c9880000, 0x00000000eab00000)
  object space 156160K, 99% used [0x00000000c0000000,0x00000000c974f618,0x00000000c9880000)
 Metaspace       used 83400K, committed 84480K, reserved 1130496K
  class space    used 8731K, committed 9216K, reserved 1048576K
}
Event: 75.237 GC heap after
{Heap after GC invocations=289 (full 11):
 PSYoungGen      total 8704K, used 649K [0x00000000eab00000, 0x00000000eb700000, 0x0000000100000000)
  eden space 7680K, 0% used [0x00000000eab00000,0x00000000eab00000,0x00000000eb280000)
  from space 1024K, 63% used [0x00000000eb600000,0x00000000eb6a2400,0x00000000eb700000)
  to   space 1536K, 0% used [0x00000000eb400000,0x00000000eb400000,0x00000000eb580000)
 ParOldGen       total 156160K, used 155957K [0x00000000c0000000, 0x00000000c9880000, 0x00000000eab00000)
  object space 156160K, 99% used [0x00000000c0000000,0x00000000c984d638,0x00000000c9880000)
 Metaspace       used 83400K, committed 84480K, reserved 1130496K
  class space    used 8731K, committed 9216K, reserved 1048576K
}
Event: 75.237 GC heap before
{Heap before GC invocations=290 (full 12):
 PSYoungGen      total 8704K, used 649K [0x00000000eab00000, 0x00000000eb700000, 0x0000000100000000)
  eden space 7680K, 0% used [0x00000000eab00000,0x00000000eab00000,0x00000000eb280000)
  from space 1024K, 63% used [0x00000000eb600000,0x00000000eb6a2400,0x00000000eb700000)
  to   space 1536K, 0% used [0x00000000eb400000,0x00000000eb400000,0x00000000eb580000)
 ParOldGen       total 156160K, used 155957K [0x00000000c0000000, 0x00000000c9880000, 0x00000000eab00000)
  object space 156160K, 99% used [0x00000000c0000000,0x00000000c984d638,0x00000000c9880000)
 Metaspace       used 83400K, committed 84480K, reserved 1130496K
  class space    used 8731K, committed 9216K, reserved 1048576K
}

